2025-04-11 13:36:33,815 DEBUG    root            Loaded Command Group: ['gcloud', 'components']
2025-04-11 13:36:33,819 DEBUG    root            Loaded Command Group: ['gcloud', 'components', 'update']
2025-04-11 13:36:33,822 DEBUG    root            Running [gcloud.components.update] with arguments: [--compile-python: "True", --quiet: "True", COMPONENT-IDS:6: "['core', 'gcloud-deps', 'bq', 'gcloud', 'gcloud-crc32c', 'gsutil']"]
2025-04-11 13:36:33,823 INFO     ___FILE_ONLY___ Beginning update. This process may take several minutes.

2025-04-11 13:36:33,866 DEBUG    urllib3.connectionpool Starting new HTTPS connection (1): dl.google.com:443
2025-04-11 13:36:33,884 DEBUG    urllib3.connectionpool https://dl.google.com:443 "GET /dl/cloudsdk/channels/rapid/components-2.json HTTP/11" 200 226135
2025-04-11 13:36:33,900 INFO     ___FILE_ONLY___ 

2025-04-11 13:36:33,900 INFO     ___FILE_ONLY___ 
Your current Google Cloud CLI version is: 517.0.0

2025-04-11 13:36:33,900 INFO     ___FILE_ONLY___ Installing components from version: 517.0.0

2025-04-11 13:36:33,900 INFO     ___FILE_ONLY___ 

2025-04-11 13:36:33,901 DEBUG    root            Chosen display Format:table[box,title="These components will be removed."](details.display_name:label=Name:align=left,version.version_string:label=Version:align=right,data.size.size(zero="",min=1048576):label=Size:align=right)
2025-04-11 13:36:33,901 DEBUG    root            Chosen display Format:table[box,title="These components will be updated."](details.display_name:label=Name:align=left,version.version_string:label=Version:align=right,data.size.size(zero="",min=1048576):label=Size:align=right)
2025-04-11 13:36:33,902 DEBUG    root            Chosen display Format:table[box,title="These components will be installed."](details.display_name:label=Name:align=left,version.version_string:label=Version:align=right,data.size.size(zero="",min=1048576):label=Size:align=right)
2025-04-11 13:36:33,940 INFO     ___FILE_ONLY___ ┌─────────────────────────────────────────────────────────────────────────────┐
2025-04-11 13:36:33,940 INFO     ___FILE_ONLY___ 

2025-04-11 13:36:33,940 INFO     ___FILE_ONLY___ │                     These components will be installed.                     │
2025-04-11 13:36:33,940 INFO     ___FILE_ONLY___ 

2025-04-11 13:36:33,940 INFO     ___FILE_ONLY___ ├─────────────────────────────────────────────────────┬────────────┬──────────┤
2025-04-11 13:36:33,940 INFO     ___FILE_ONLY___ 

2025-04-11 13:36:33,940 INFO     ___FILE_ONLY___ │                         Name                        │  Version   │   Size   │
2025-04-11 13:36:33,940 INFO     ___FILE_ONLY___ 

2025-04-11 13:36:33,940 INFO     ___FILE_ONLY___ ├─────────────────────────────────────────────────────┼────────────┼──────────┤
2025-04-11 13:36:33,940 INFO     ___FILE_ONLY___ 

2025-04-11 13:36:33,940 INFO     ___FILE_ONLY___ │ 
2025-04-11 13:36:33,940 INFO     ___FILE_ONLY___ BigQuery Command Line Tool                         
2025-04-11 13:36:33,940 INFO     ___FILE_ONLY___  
2025-04-11 13:36:33,941 INFO     ___FILE_ONLY___ │ 
2025-04-11 13:36:33,941 INFO     ___FILE_ONLY___     2.1.14
2025-04-11 13:36:33,941 INFO     ___FILE_ONLY___  
2025-04-11 13:36:33,941 INFO     ___FILE_ONLY___ │ 
2025-04-11 13:36:33,941 INFO     ___FILE_ONLY___  1.8 MiB
2025-04-11 13:36:33,941 INFO     ___FILE_ONLY___  
2025-04-11 13:36:33,941 INFO     ___FILE_ONLY___ │
2025-04-11 13:36:33,941 INFO     ___FILE_ONLY___ 

2025-04-11 13:36:33,941 INFO     ___FILE_ONLY___ │ 
2025-04-11 13:36:33,941 INFO     ___FILE_ONLY___ BigQuery Command Line Tool (Platform Specific)     
2025-04-11 13:36:33,942 INFO     ___FILE_ONLY___  
2025-04-11 13:36:33,942 INFO     ___FILE_ONLY___ │ 
2025-04-11 13:36:33,942 INFO     ___FILE_ONLY___      2.1.8
2025-04-11 13:36:33,942 INFO     ___FILE_ONLY___  
2025-04-11 13:36:33,942 INFO     ___FILE_ONLY___ │ 
2025-04-11 13:36:33,942 INFO     ___FILE_ONLY___  < 1 MiB
2025-04-11 13:36:33,942 INFO     ___FILE_ONLY___  
2025-04-11 13:36:33,942 INFO     ___FILE_ONLY___ │
2025-04-11 13:36:33,942 INFO     ___FILE_ONLY___ 

2025-04-11 13:36:33,942 INFO     ___FILE_ONLY___ │ 
2025-04-11 13:36:33,942 INFO     ___FILE_ONLY___ Bundled Python 3.12 (Platform Specific)            
2025-04-11 13:36:33,942 INFO     ___FILE_ONLY___  
2025-04-11 13:36:33,942 INFO     ___FILE_ONLY___ │ 
2025-04-11 13:36:33,942 INFO     ___FILE_ONLY___     3.12.8
2025-04-11 13:36:33,943 INFO     ___FILE_ONLY___  
2025-04-11 13:36:33,943 INFO     ___FILE_ONLY___ │ 
2025-04-11 13:36:33,943 INFO     ___FILE_ONLY___ 89.2 MiB
2025-04-11 13:36:33,943 INFO     ___FILE_ONLY___  
2025-04-11 13:36:33,943 INFO     ___FILE_ONLY___ │
2025-04-11 13:36:33,943 INFO     ___FILE_ONLY___ 

2025-04-11 13:36:33,943 INFO     ___FILE_ONLY___ │ 
2025-04-11 13:36:33,943 INFO     ___FILE_ONLY___ Cloud Storage Command Line Tool                    
2025-04-11 13:36:33,943 INFO     ___FILE_ONLY___  
2025-04-11 13:36:33,943 INFO     ___FILE_ONLY___ │ 
2025-04-11 13:36:33,943 INFO     ___FILE_ONLY___       5.33
2025-04-11 13:36:33,944 INFO     ___FILE_ONLY___  
2025-04-11 13:36:33,944 INFO     ___FILE_ONLY___ │ 
2025-04-11 13:36:33,944 INFO     ___FILE_ONLY___ 11.8 MiB
2025-04-11 13:36:33,944 INFO     ___FILE_ONLY___  
2025-04-11 13:36:33,944 INFO     ___FILE_ONLY___ │
2025-04-11 13:36:33,944 INFO     ___FILE_ONLY___ 

2025-04-11 13:36:33,944 INFO     ___FILE_ONLY___ │ 
2025-04-11 13:36:33,944 INFO     ___FILE_ONLY___ Cloud Storage Command Line Tool (Platform Specific)
2025-04-11 13:36:33,944 INFO     ___FILE_ONLY___  
2025-04-11 13:36:33,944 INFO     ___FILE_ONLY___ │ 
2025-04-11 13:36:33,944 INFO     ___FILE_ONLY___       5.30
2025-04-11 13:36:33,944 INFO     ___FILE_ONLY___  
2025-04-11 13:36:33,944 INFO     ___FILE_ONLY___ │ 
2025-04-11 13:36:33,945 INFO     ___FILE_ONLY___  < 1 MiB
2025-04-11 13:36:33,945 INFO     ___FILE_ONLY___  
2025-04-11 13:36:33,945 INFO     ___FILE_ONLY___ │
2025-04-11 13:36:33,945 INFO     ___FILE_ONLY___ 

2025-04-11 13:36:33,945 INFO     ___FILE_ONLY___ │ 
2025-04-11 13:36:33,945 INFO     ___FILE_ONLY___ Google Cloud CLI Core Libraries (Platform Specific)
2025-04-11 13:36:33,945 INFO     ___FILE_ONLY___  
2025-04-11 13:36:33,945 INFO     ___FILE_ONLY___ │ 
2025-04-11 13:36:33,945 INFO     ___FILE_ONLY___ 2024.08.30
2025-04-11 13:36:33,945 INFO     ___FILE_ONLY___  
2025-04-11 13:36:33,945 INFO     ___FILE_ONLY___ │ 
2025-04-11 13:36:33,945 INFO     ___FILE_ONLY___  < 1 MiB
2025-04-11 13:36:33,945 INFO     ___FILE_ONLY___  
2025-04-11 13:36:33,946 INFO     ___FILE_ONLY___ │
2025-04-11 13:36:33,946 INFO     ___FILE_ONLY___ 

2025-04-11 13:36:33,946 INFO     ___FILE_ONLY___ │ 
2025-04-11 13:36:33,946 INFO     ___FILE_ONLY___ Google Cloud CRC32C Hash Tool (Platform Specific)  
2025-04-11 13:36:33,946 INFO     ___FILE_ONLY___  
2025-04-11 13:36:33,946 INFO     ___FILE_ONLY___ │ 
2025-04-11 13:36:33,946 INFO     ___FILE_ONLY___      1.0.0
2025-04-11 13:36:33,946 INFO     ___FILE_ONLY___  
2025-04-11 13:36:33,946 INFO     ___FILE_ONLY___ │ 
2025-04-11 13:36:33,946 INFO     ___FILE_ONLY___  1.4 MiB
2025-04-11 13:36:33,946 INFO     ___FILE_ONLY___  
2025-04-11 13:36:33,946 INFO     ___FILE_ONLY___ │
2025-04-11 13:36:33,946 INFO     ___FILE_ONLY___ 

2025-04-11 13:36:33,946 INFO     ___FILE_ONLY___ │ 
2025-04-11 13:36:33,947 INFO     ___FILE_ONLY___ gcloud cli dependencies (Platform Specific)        
2025-04-11 13:36:33,947 INFO     ___FILE_ONLY___  
2025-04-11 13:36:33,947 INFO     ___FILE_ONLY___ │ 
2025-04-11 13:36:33,947 INFO     ___FILE_ONLY___ 2021.04.16
2025-04-11 13:36:33,947 INFO     ___FILE_ONLY___  
2025-04-11 13:36:33,947 INFO     ___FILE_ONLY___ │ 
2025-04-11 13:36:33,947 INFO     ___FILE_ONLY___  < 1 MiB
2025-04-11 13:36:33,947 INFO     ___FILE_ONLY___  
2025-04-11 13:36:33,947 INFO     ___FILE_ONLY___ │
2025-04-11 13:36:33,947 INFO     ___FILE_ONLY___ 

2025-04-11 13:36:33,947 INFO     ___FILE_ONLY___ └─────────────────────────────────────────────────────┴────────────┴──────────┘
2025-04-11 13:36:33,947 INFO     ___FILE_ONLY___ 

2025-04-11 13:36:33,947 INFO     ___FILE_ONLY___ 

2025-04-11 13:36:33,951 DEBUG    urllib3.connectionpool Starting new HTTPS connection (1): dl.google.com:443
2025-04-11 13:36:33,967 DEBUG    urllib3.connectionpool https://dl.google.com:443 "GET /dl/cloudsdk/channels/rapid/RELEASE_NOTES HTTP/11" 200 1390928
2025-04-11 13:36:34,462 INFO     ___FILE_ONLY___ For the latest full release notes, please visit:
  https://cloud.google.com/sdk/release_notes


2025-04-11 13:36:34,462 INFO     ___FILE_ONLY___ Performing in place update...


2025-04-11 13:36:34,464 INFO     ___FILE_ONLY___ ╔════════════════════════════════════════════════════════════╗

2025-04-11 13:36:34,464 INFO     ___FILE_ONLY___ ╠═ Downloading: BigQuery Command Line Tool                  ═╣

2025-04-11 13:36:34,464 INFO     ___FILE_ONLY___ ╚
2025-04-11 13:36:34,468 DEBUG    urllib3.connectionpool Starting new HTTPS connection (1): dl.google.com:443
2025-04-11 13:36:34,483 DEBUG    urllib3.connectionpool https://dl.google.com:443 "GET /dl/cloudsdk/channels/rapid/components/google-cloud-sdk-bq-20250228155416.tar.gz HTTP/11" 200 1845321
2025-04-11 13:36:34,495 INFO     ___FILE_ONLY___ ═
2025-04-11 13:36:34,495 INFO     ___FILE_ONLY___ ═
2025-04-11 13:36:34,496 INFO     ___FILE_ONLY___ ═
2025-04-11 13:36:34,496 INFO     ___FILE_ONLY___ ═
2025-04-11 13:36:34,496 INFO     ___FILE_ONLY___ ═
2025-04-11 13:36:34,496 INFO     ___FILE_ONLY___ ═
2025-04-11 13:36:34,496 INFO     ___FILE_ONLY___ ═
2025-04-11 13:36:34,496 INFO     ___FILE_ONLY___ ═
2025-04-11 13:36:34,496 INFO     ___FILE_ONLY___ ═
2025-04-11 13:36:34,496 INFO     ___FILE_ONLY___ ═
2025-04-11 13:36:34,496 INFO     ___FILE_ONLY___ ═
2025-04-11 13:36:34,497 INFO     ___FILE_ONLY___ ═
2025-04-11 13:36:34,497 INFO     ___FILE_ONLY___ ═
2025-04-11 13:36:34,497 INFO     ___FILE_ONLY___ ═
2025-04-11 13:36:34,497 INFO     ___FILE_ONLY___ ═
2025-04-11 13:36:34,497 INFO     ___FILE_ONLY___ ═
2025-04-11 13:36:34,497 INFO     ___FILE_ONLY___ ═
2025-04-11 13:36:34,497 INFO     ___FILE_ONLY___ ═
2025-04-11 13:36:34,497 INFO     ___FILE_ONLY___ ═
2025-04-11 13:36:34,498 INFO     ___FILE_ONLY___ ═
2025-04-11 13:36:34,498 INFO     ___FILE_ONLY___ ═
2025-04-11 13:36:34,498 INFO     ___FILE_ONLY___ ═
2025-04-11 13:36:34,498 INFO     ___FILE_ONLY___ ═
2025-04-11 13:36:34,498 INFO     ___FILE_ONLY___ ═
2025-04-11 13:36:34,498 INFO     ___FILE_ONLY___ ═
2025-04-11 13:36:34,498 INFO     ___FILE_ONLY___ ═
2025-04-11 13:36:34,498 INFO     ___FILE_ONLY___ ═
2025-04-11 13:36:34,499 INFO     ___FILE_ONLY___ ═
2025-04-11 13:36:34,499 INFO     ___FILE_ONLY___ ═
2025-04-11 13:36:34,499 INFO     ___FILE_ONLY___ ═
2025-04-11 13:36:34,499 INFO     ___FILE_ONLY___ ═
2025-04-11 13:36:34,499 INFO     ___FILE_ONLY___ ═
2025-04-11 13:36:34,499 INFO     ___FILE_ONLY___ ═
2025-04-11 13:36:34,499 INFO     ___FILE_ONLY___ ═
2025-04-11 13:36:34,499 INFO     ___FILE_ONLY___ ═
2025-04-11 13:36:34,500 INFO     ___FILE_ONLY___ ═
2025-04-11 13:36:34,500 INFO     ___FILE_ONLY___ ═
2025-04-11 13:36:34,500 INFO     ___FILE_ONLY___ ═
2025-04-11 13:36:34,500 INFO     ___FILE_ONLY___ ═
2025-04-11 13:36:34,500 INFO     ___FILE_ONLY___ ═
2025-04-11 13:36:34,500 INFO     ___FILE_ONLY___ ═
2025-04-11 13:36:34,500 INFO     ___FILE_ONLY___ ═
2025-04-11 13:36:34,500 INFO     ___FILE_ONLY___ ═
2025-04-11 13:36:34,501 INFO     ___FILE_ONLY___ ═
2025-04-11 13:36:34,501 INFO     ___FILE_ONLY___ ═
2025-04-11 13:36:34,501 INFO     ___FILE_ONLY___ ═
2025-04-11 13:36:34,501 INFO     ___FILE_ONLY___ ═
2025-04-11 13:36:34,501 INFO     ___FILE_ONLY___ ═
2025-04-11 13:36:34,501 INFO     ___FILE_ONLY___ ═
2025-04-11 13:36:34,501 INFO     ___FILE_ONLY___ ═
2025-04-11 13:36:34,501 INFO     ___FILE_ONLY___ ═
2025-04-11 13:36:34,502 INFO     ___FILE_ONLY___ ═
2025-04-11 13:36:34,502 INFO     ___FILE_ONLY___ ═
2025-04-11 13:36:34,502 INFO     ___FILE_ONLY___ ═
2025-04-11 13:36:34,502 INFO     ___FILE_ONLY___ ═
2025-04-11 13:36:34,502 INFO     ___FILE_ONLY___ ═
2025-04-11 13:36:34,502 INFO     ___FILE_ONLY___ ═
2025-04-11 13:36:34,502 INFO     ___FILE_ONLY___ ═
2025-04-11 13:36:34,503 INFO     ___FILE_ONLY___ ═
2025-04-11 13:36:34,503 INFO     ___FILE_ONLY___ ═
2025-04-11 13:36:34,503 INFO     ___FILE_ONLY___ ╝

2025-04-11 13:36:34,505 INFO     ___FILE_ONLY___ ╔════════════════════════════════════════════════════════════╗

2025-04-11 13:36:34,505 INFO     ___FILE_ONLY___ ╠═ Downloading: BigQuery Command Line Tool (Platform Spe... ═╣

2025-04-11 13:36:34,505 INFO     ___FILE_ONLY___ ╚
2025-04-11 13:36:34,509 DEBUG    urllib3.connectionpool Starting new HTTPS connection (1): dl.google.com:443
2025-04-11 13:36:34,553 DEBUG    urllib3.connectionpool https://dl.google.com:443 "GET /dl/cloudsdk/channels/rapid/components/google-cloud-sdk-bq-nix-20240830134514.tar.gz HTTP/11" 200 1914
2025-04-11 13:36:34,554 INFO     ___FILE_ONLY___ ════════════════════════════════════════════════════════════
2025-04-11 13:36:34,554 INFO     ___FILE_ONLY___ ╝

2025-04-11 13:36:34,556 INFO     ___FILE_ONLY___ ╔════════════════════════════════════════════════════════════╗

2025-04-11 13:36:34,556 INFO     ___FILE_ONLY___ ╠═ Downloading: Bundled Python 3.12                         ═╣

2025-04-11 13:36:34,556 INFO     ___FILE_ONLY___ ╚
2025-04-11 13:36:34,556 INFO     ___FILE_ONLY___ ════════════════════════════════════════════════════════════
2025-04-11 13:36:34,556 INFO     ___FILE_ONLY___ ╝

2025-04-11 13:36:34,558 INFO     ___FILE_ONLY___ ╔════════════════════════════════════════════════════════════╗

2025-04-11 13:36:34,558 INFO     ___FILE_ONLY___ ╠═ Downloading: Bundled Python 3.12 (Platform Specific)     ═╣

2025-04-11 13:36:34,558 INFO     ___FILE_ONLY___ ╚
2025-04-11 13:36:34,561 DEBUG    urllib3.connectionpool Starting new HTTPS connection (1): dl.google.com:443
2025-04-11 13:36:34,577 DEBUG    urllib3.connectionpool https://dl.google.com:443 "GET /dl/cloudsdk/channels/rapid/components/google-cloud-sdk-bundled-python3-unix-linux-x86_64-20250131143518.tar.gz HTTP/11" 200 93520256
2025-04-11 13:36:34,924 INFO     ___FILE_ONLY___ ═
2025-04-11 13:36:34,926 INFO     ___FILE_ONLY___ ═
2025-04-11 13:36:34,928 INFO     ___FILE_ONLY___ ═
2025-04-11 13:36:34,930 INFO     ___FILE_ONLY___ ═
2025-04-11 13:36:34,931 INFO     ___FILE_ONLY___ ═
2025-04-11 13:36:34,933 INFO     ___FILE_ONLY___ ═
2025-04-11 13:36:34,935 INFO     ___FILE_ONLY___ ═
2025-04-11 13:36:34,937 INFO     ___FILE_ONLY___ ═
2025-04-11 13:36:34,938 INFO     ___FILE_ONLY___ ═
2025-04-11 13:36:34,940 INFO     ___FILE_ONLY___ ═
2025-04-11 13:36:34,942 INFO     ___FILE_ONLY___ ═
2025-04-11 13:36:34,944 INFO     ___FILE_ONLY___ ═
2025-04-11 13:36:34,946 INFO     ___FILE_ONLY___ ═
2025-04-11 13:36:34,947 INFO     ___FILE_ONLY___ ═
2025-04-11 13:36:34,949 INFO     ___FILE_ONLY___ ═
2025-04-11 13:36:34,951 INFO     ___FILE_ONLY___ ═
2025-04-11 13:36:34,953 INFO     ___FILE_ONLY___ ═
2025-04-11 13:36:34,954 INFO     ___FILE_ONLY___ ═
2025-04-11 13:36:34,956 INFO     ___FILE_ONLY___ ═
2025-04-11 13:36:34,958 INFO     ___FILE_ONLY___ ═
2025-04-11 13:36:34,960 INFO     ___FILE_ONLY___ ═
2025-04-11 13:36:34,961 INFO     ___FILE_ONLY___ ═
2025-04-11 13:36:34,963 INFO     ___FILE_ONLY___ ═
2025-04-11 13:36:34,965 INFO     ___FILE_ONLY___ ═
2025-04-11 13:36:34,967 INFO     ___FILE_ONLY___ ═
2025-04-11 13:36:34,968 INFO     ___FILE_ONLY___ ═
2025-04-11 13:36:34,970 INFO     ___FILE_ONLY___ ═
2025-04-11 13:36:34,972 INFO     ___FILE_ONLY___ ═
2025-04-11 13:36:34,974 INFO     ___FILE_ONLY___ ═
2025-04-11 13:36:34,975 INFO     ___FILE_ONLY___ ═
2025-04-11 13:36:34,977 INFO     ___FILE_ONLY___ ═
2025-04-11 13:36:34,979 INFO     ___FILE_ONLY___ ═
2025-04-11 13:36:34,981 INFO     ___FILE_ONLY___ ═
2025-04-11 13:36:34,982 INFO     ___FILE_ONLY___ ═
2025-04-11 13:36:34,984 INFO     ___FILE_ONLY___ ═
2025-04-11 13:36:34,986 INFO     ___FILE_ONLY___ ═
2025-04-11 13:36:34,987 INFO     ___FILE_ONLY___ ═
2025-04-11 13:36:34,989 INFO     ___FILE_ONLY___ ═
2025-04-11 13:36:34,991 INFO     ___FILE_ONLY___ ═
2025-04-11 13:36:34,992 INFO     ___FILE_ONLY___ ═
2025-04-11 13:36:34,994 INFO     ___FILE_ONLY___ ═
2025-04-11 13:36:34,996 INFO     ___FILE_ONLY___ ═
2025-04-11 13:36:34,998 INFO     ___FILE_ONLY___ ═
2025-04-11 13:36:34,999 INFO     ___FILE_ONLY___ ═
2025-04-11 13:36:35,001 INFO     ___FILE_ONLY___ ═
2025-04-11 13:36:35,003 INFO     ___FILE_ONLY___ ═
2025-04-11 13:36:35,005 INFO     ___FILE_ONLY___ ═
2025-04-11 13:36:35,006 INFO     ___FILE_ONLY___ ═
2025-04-11 13:36:35,008 INFO     ___FILE_ONLY___ ═
2025-04-11 13:36:35,010 INFO     ___FILE_ONLY___ ═
2025-04-11 13:36:35,012 INFO     ___FILE_ONLY___ ═
2025-04-11 13:36:35,013 INFO     ___FILE_ONLY___ ═
2025-04-11 13:36:35,015 INFO     ___FILE_ONLY___ ═
2025-04-11 13:36:35,017 INFO     ___FILE_ONLY___ ═
2025-04-11 13:36:35,019 INFO     ___FILE_ONLY___ ═
2025-04-11 13:36:35,020 INFO     ___FILE_ONLY___ ═
2025-04-11 13:36:35,022 INFO     ___FILE_ONLY___ ═
2025-04-11 13:36:35,024 INFO     ___FILE_ONLY___ ═
2025-04-11 13:36:35,026 INFO     ___FILE_ONLY___ ═
2025-04-11 13:36:35,027 INFO     ___FILE_ONLY___ ═
2025-04-11 13:36:35,027 INFO     ___FILE_ONLY___ ╝

2025-04-11 13:36:35,033 INFO     ___FILE_ONLY___ ╔════════════════════════════════════════════════════════════╗

2025-04-11 13:36:35,033 INFO     ___FILE_ONLY___ ╠═ Downloading: Cloud Storage Command Line Tool             ═╣

2025-04-11 13:36:35,033 INFO     ___FILE_ONLY___ ╚
2025-04-11 13:36:35,036 DEBUG    urllib3.connectionpool Starting new HTTPS connection (1): dl.google.com:443
2025-04-11 13:36:35,051 DEBUG    urllib3.connectionpool https://dl.google.com:443 "GET /dl/cloudsdk/channels/rapid/components/google-cloud-sdk-gsutil-20241213184646.tar.gz HTTP/11" 200 12368759
2025-04-11 13:36:35,100 INFO     ___FILE_ONLY___ ═
2025-04-11 13:36:35,100 INFO     ___FILE_ONLY___ ═
2025-04-11 13:36:35,101 INFO     ___FILE_ONLY___ ═
2025-04-11 13:36:35,101 INFO     ___FILE_ONLY___ ═
2025-04-11 13:36:35,101 INFO     ___FILE_ONLY___ ═
2025-04-11 13:36:35,102 INFO     ___FILE_ONLY___ ═
2025-04-11 13:36:35,102 INFO     ___FILE_ONLY___ ═
2025-04-11 13:36:35,102 INFO     ___FILE_ONLY___ ═
2025-04-11 13:36:35,103 INFO     ___FILE_ONLY___ ═
2025-04-11 13:36:35,103 INFO     ___FILE_ONLY___ ═
2025-04-11 13:36:35,103 INFO     ___FILE_ONLY___ ═
2025-04-11 13:36:35,104 INFO     ___FILE_ONLY___ ═
2025-04-11 13:36:35,104 INFO     ___FILE_ONLY___ ═
2025-04-11 13:36:35,104 INFO     ___FILE_ONLY___ ═
2025-04-11 13:36:35,105 INFO     ___FILE_ONLY___ ═
2025-04-11 13:36:35,105 INFO     ___FILE_ONLY___ ═
2025-04-11 13:36:35,105 INFO     ___FILE_ONLY___ ═
2025-04-11 13:36:35,105 INFO     ___FILE_ONLY___ ═
2025-04-11 13:36:35,106 INFO     ___FILE_ONLY___ ═
2025-04-11 13:36:35,106 INFO     ___FILE_ONLY___ ═
2025-04-11 13:36:35,106 INFO     ___FILE_ONLY___ ═
2025-04-11 13:36:35,107 INFO     ___FILE_ONLY___ ═
2025-04-11 13:36:35,107 INFO     ___FILE_ONLY___ ═
2025-04-11 13:36:35,107 INFO     ___FILE_ONLY___ ═
2025-04-11 13:36:35,108 INFO     ___FILE_ONLY___ ═
2025-04-11 13:36:35,108 INFO     ___FILE_ONLY___ ═
2025-04-11 13:36:35,108 INFO     ___FILE_ONLY___ ═
2025-04-11 13:36:35,109 INFO     ___FILE_ONLY___ ═
2025-04-11 13:36:35,109 INFO     ___FILE_ONLY___ ═
2025-04-11 13:36:35,109 INFO     ___FILE_ONLY___ ═
2025-04-11 13:36:35,110 INFO     ___FILE_ONLY___ ═
2025-04-11 13:36:35,110 INFO     ___FILE_ONLY___ ═
2025-04-11 13:36:35,110 INFO     ___FILE_ONLY___ ═
2025-04-11 13:36:35,110 INFO     ___FILE_ONLY___ ═
2025-04-11 13:36:35,111 INFO     ___FILE_ONLY___ ═
2025-04-11 13:36:35,111 INFO     ___FILE_ONLY___ ═
2025-04-11 13:36:35,111 INFO     ___FILE_ONLY___ ═
2025-04-11 13:36:35,112 INFO     ___FILE_ONLY___ ═
2025-04-11 13:36:35,112 INFO     ___FILE_ONLY___ ═
2025-04-11 13:36:35,112 INFO     ___FILE_ONLY___ ═
2025-04-11 13:36:35,113 INFO     ___FILE_ONLY___ ═
2025-04-11 13:36:35,113 INFO     ___FILE_ONLY___ ═
2025-04-11 13:36:35,113 INFO     ___FILE_ONLY___ ═
2025-04-11 13:36:35,114 INFO     ___FILE_ONLY___ ═
2025-04-11 13:36:35,114 INFO     ___FILE_ONLY___ ═
2025-04-11 13:36:35,114 INFO     ___FILE_ONLY___ ═
2025-04-11 13:36:35,115 INFO     ___FILE_ONLY___ ═
2025-04-11 13:36:35,115 INFO     ___FILE_ONLY___ ═
2025-04-11 13:36:35,115 INFO     ___FILE_ONLY___ ═
2025-04-11 13:36:35,116 INFO     ___FILE_ONLY___ ═
2025-04-11 13:36:35,116 INFO     ___FILE_ONLY___ ═
2025-04-11 13:36:35,116 INFO     ___FILE_ONLY___ ═
2025-04-11 13:36:35,116 INFO     ___FILE_ONLY___ ═
2025-04-11 13:36:35,117 INFO     ___FILE_ONLY___ ═
2025-04-11 13:36:35,117 INFO     ___FILE_ONLY___ ═
2025-04-11 13:36:35,117 INFO     ___FILE_ONLY___ ═
2025-04-11 13:36:35,118 INFO     ___FILE_ONLY___ ═
2025-04-11 13:36:35,118 INFO     ___FILE_ONLY___ ═
2025-04-11 13:36:35,118 INFO     ___FILE_ONLY___ ═
2025-04-11 13:36:35,119 INFO     ___FILE_ONLY___ ═
2025-04-11 13:36:35,119 INFO     ___FILE_ONLY___ ╝

2025-04-11 13:36:35,121 INFO     ___FILE_ONLY___ ╔════════════════════════════════════════════════════════════╗

2025-04-11 13:36:35,121 INFO     ___FILE_ONLY___ ╠═ Downloading: Cloud Storage Command Line Tool (Platfor... ═╣

2025-04-11 13:36:35,121 INFO     ___FILE_ONLY___ ╚
2025-04-11 13:36:35,124 DEBUG    urllib3.connectionpool Starting new HTTPS connection (1): dl.google.com:443
2025-04-11 13:36:35,163 DEBUG    urllib3.connectionpool https://dl.google.com:443 "GET /dl/cloudsdk/channels/rapid/components/google-cloud-sdk-gsutil-nix-20240830134514.tar.gz HTTP/11" 200 1928
2025-04-11 13:36:35,163 INFO     ___FILE_ONLY___ ════════════════════════════════════════════════════════════
2025-04-11 13:36:35,163 INFO     ___FILE_ONLY___ ╝

2025-04-11 13:36:35,165 INFO     ___FILE_ONLY___ ╔════════════════════════════════════════════════════════════╗

2025-04-11 13:36:35,166 INFO     ___FILE_ONLY___ ╠═ Downloading: Default set of gcloud commands              ═╣

2025-04-11 13:36:35,166 INFO     ___FILE_ONLY___ ╚
2025-04-11 13:36:35,166 INFO     ___FILE_ONLY___ ════════════════════════════════════════════════════════════
2025-04-11 13:36:35,166 INFO     ___FILE_ONLY___ ╝

2025-04-11 13:36:35,168 INFO     ___FILE_ONLY___ ╔════════════════════════════════════════════════════════════╗

2025-04-11 13:36:35,168 INFO     ___FILE_ONLY___ ╠═ Downloading: Google Cloud CLI Core Libraries (Platfor... ═╣

2025-04-11 13:36:35,168 INFO     ___FILE_ONLY___ ╚
2025-04-11 13:36:35,171 DEBUG    urllib3.connectionpool Starting new HTTPS connection (1): dl.google.com:443
2025-04-11 13:36:35,181 DEBUG    urllib3.connectionpool https://dl.google.com:443 "GET /dl/cloudsdk/channels/rapid/components/google-cloud-sdk-core-nix-20240830134514.tar.gz HTTP/11" 200 2306
2025-04-11 13:36:35,182 INFO     ___FILE_ONLY___ ════════════════════════════════════════════════════════════
2025-04-11 13:36:35,182 INFO     ___FILE_ONLY___ ╝

2025-04-11 13:36:35,183 INFO     ___FILE_ONLY___ ╔════════════════════════════════════════════════════════════╗

2025-04-11 13:36:35,184 INFO     ___FILE_ONLY___ ╠═ Downloading: Google Cloud CRC32C Hash Tool               ═╣

2025-04-11 13:36:35,184 INFO     ___FILE_ONLY___ ╚
2025-04-11 13:36:35,184 INFO     ___FILE_ONLY___ ════════════════════════════════════════════════════════════
2025-04-11 13:36:35,184 INFO     ___FILE_ONLY___ ╝

2025-04-11 13:36:35,186 INFO     ___FILE_ONLY___ ╔════════════════════════════════════════════════════════════╗

2025-04-11 13:36:35,186 INFO     ___FILE_ONLY___ ╠═ Downloading: Google Cloud CRC32C Hash Tool (Platform ... ═╣

2025-04-11 13:36:35,186 INFO     ___FILE_ONLY___ ╚
2025-04-11 13:36:35,189 DEBUG    urllib3.connectionpool Starting new HTTPS connection (1): dl.google.com:443
2025-04-11 13:36:35,204 DEBUG    urllib3.connectionpool https://dl.google.com:443 "GET /dl/cloudsdk/channels/rapid/components/google-cloud-sdk-gcloud-crc32c-linux-x86_64-20250110133808.tar.gz HTTP/11" 200 1478989
2025-04-11 13:36:35,215 INFO     ___FILE_ONLY___ ═
2025-04-11 13:36:35,215 INFO     ___FILE_ONLY___ ═
2025-04-11 13:36:35,215 INFO     ___FILE_ONLY___ ═
2025-04-11 13:36:35,215 INFO     ___FILE_ONLY___ ═
2025-04-11 13:36:35,215 INFO     ___FILE_ONLY___ ═
2025-04-11 13:36:35,215 INFO     ___FILE_ONLY___ ═
2025-04-11 13:36:35,215 INFO     ___FILE_ONLY___ ═
2025-04-11 13:36:35,215 INFO     ___FILE_ONLY___ ═
2025-04-11 13:36:35,216 INFO     ___FILE_ONLY___ ═
2025-04-11 13:36:35,216 INFO     ___FILE_ONLY___ ═
2025-04-11 13:36:35,216 INFO     ___FILE_ONLY___ ═
2025-04-11 13:36:35,216 INFO     ___FILE_ONLY___ ═
2025-04-11 13:36:35,216 INFO     ___FILE_ONLY___ ═
2025-04-11 13:36:35,216 INFO     ___FILE_ONLY___ ═
2025-04-11 13:36:35,216 INFO     ___FILE_ONLY___ ═
2025-04-11 13:36:35,216 INFO     ___FILE_ONLY___ ═
2025-04-11 13:36:35,216 INFO     ___FILE_ONLY___ ═
2025-04-11 13:36:35,216 INFO     ___FILE_ONLY___ ═
2025-04-11 13:36:35,216 INFO     ___FILE_ONLY___ ═
2025-04-11 13:36:35,216 INFO     ___FILE_ONLY___ ═
2025-04-11 13:36:35,216 INFO     ___FILE_ONLY___ ═
2025-04-11 13:36:35,217 INFO     ___FILE_ONLY___ ═
2025-04-11 13:36:35,217 INFO     ___FILE_ONLY___ ═
2025-04-11 13:36:35,217 INFO     ___FILE_ONLY___ ═
2025-04-11 13:36:35,217 INFO     ___FILE_ONLY___ ═
2025-04-11 13:36:35,217 INFO     ___FILE_ONLY___ ═
2025-04-11 13:36:35,217 INFO     ___FILE_ONLY___ ═
2025-04-11 13:36:35,217 INFO     ___FILE_ONLY___ ═
2025-04-11 13:36:35,217 INFO     ___FILE_ONLY___ ═
2025-04-11 13:36:35,217 INFO     ___FILE_ONLY___ ═
2025-04-11 13:36:35,217 INFO     ___FILE_ONLY___ ═
2025-04-11 13:36:35,217 INFO     ___FILE_ONLY___ ═
2025-04-11 13:36:35,217 INFO     ___FILE_ONLY___ ═
2025-04-11 13:36:35,218 INFO     ___FILE_ONLY___ ═
2025-04-11 13:36:35,218 INFO     ___FILE_ONLY___ ═
2025-04-11 13:36:35,218 INFO     ___FILE_ONLY___ ═
2025-04-11 13:36:35,218 INFO     ___FILE_ONLY___ ═
2025-04-11 13:36:35,218 INFO     ___FILE_ONLY___ ═
2025-04-11 13:36:35,218 INFO     ___FILE_ONLY___ ═
2025-04-11 13:36:35,218 INFO     ___FILE_ONLY___ ═
2025-04-11 13:36:35,218 INFO     ___FILE_ONLY___ ═
2025-04-11 13:36:35,218 INFO     ___FILE_ONLY___ ═
2025-04-11 13:36:35,218 INFO     ___FILE_ONLY___ ═
2025-04-11 13:36:35,218 INFO     ___FILE_ONLY___ ═
2025-04-11 13:36:35,218 INFO     ___FILE_ONLY___ ═
2025-04-11 13:36:35,218 INFO     ___FILE_ONLY___ ═
2025-04-11 13:36:35,218 INFO     ___FILE_ONLY___ ═
2025-04-11 13:36:35,219 INFO     ___FILE_ONLY___ ═
2025-04-11 13:36:35,219 INFO     ___FILE_ONLY___ ═
2025-04-11 13:36:35,219 INFO     ___FILE_ONLY___ ═
2025-04-11 13:36:35,219 INFO     ___FILE_ONLY___ ═
2025-04-11 13:36:35,219 INFO     ___FILE_ONLY___ ═
2025-04-11 13:36:35,219 INFO     ___FILE_ONLY___ ═
2025-04-11 13:36:35,219 INFO     ___FILE_ONLY___ ═
2025-04-11 13:36:35,219 INFO     ___FILE_ONLY___ ═
2025-04-11 13:36:35,219 INFO     ___FILE_ONLY___ ═
2025-04-11 13:36:35,219 INFO     ___FILE_ONLY___ ═
2025-04-11 13:36:35,219 INFO     ___FILE_ONLY___ ═
2025-04-11 13:36:35,219 INFO     ___FILE_ONLY___ ═
2025-04-11 13:36:35,219 INFO     ___FILE_ONLY___ ═
2025-04-11 13:36:35,220 INFO     ___FILE_ONLY___ ╝

2025-04-11 13:36:35,221 INFO     ___FILE_ONLY___ ╔════════════════════════════════════════════════════════════╗

2025-04-11 13:36:35,222 INFO     ___FILE_ONLY___ ╠═ Downloading: gcloud cli dependencies (Platform Specific) ═╣

2025-04-11 13:36:35,222 INFO     ___FILE_ONLY___ ╚
2025-04-11 13:36:35,225 DEBUG    urllib3.connectionpool Starting new HTTPS connection (1): dl.google.com:443
2025-04-11 13:36:35,234 DEBUG    urllib3.connectionpool https://dl.google.com:443 "GET /dl/cloudsdk/channels/rapid/components/google-cloud-sdk-gcloud-deps-linux-x86_64-20210416153011.tar.gz HTTP/11" 200 104
2025-04-11 13:36:35,236 INFO     ___FILE_ONLY___ ════════════════════════════════════════════════════════════
2025-04-11 13:36:35,236 INFO     ___FILE_ONLY___ ╝

2025-04-11 13:36:35,239 INFO     ___FILE_ONLY___ ╔════════════════════════════════════════════════════════════╗

2025-04-11 13:36:35,239 INFO     ___FILE_ONLY___ ╠═ Installing: BigQuery Command Line Tool                   ═╣

2025-04-11 13:36:35,239 INFO     ___FILE_ONLY___ ╚
2025-04-11 13:36:35,333 INFO     ___FILE_ONLY___ ═
2025-04-11 13:36:35,336 INFO     ___FILE_ONLY___ ═
2025-04-11 13:36:35,338 INFO     ___FILE_ONLY___ ═
2025-04-11 13:36:35,340 INFO     ___FILE_ONLY___ ═
2025-04-11 13:36:35,343 INFO     ___FILE_ONLY___ ═
2025-04-11 13:36:35,346 INFO     ___FILE_ONLY___ ═
2025-04-11 13:36:35,348 INFO     ___FILE_ONLY___ ═
2025-04-11 13:36:35,350 INFO     ___FILE_ONLY___ ═
2025-04-11 13:36:35,352 INFO     ___FILE_ONLY___ ═
2025-04-11 13:36:35,355 INFO     ___FILE_ONLY___ ═
2025-04-11 13:36:35,357 INFO     ___FILE_ONLY___ ═
2025-04-11 13:36:35,359 INFO     ___FILE_ONLY___ ═
2025-04-11 13:36:35,361 INFO     ___FILE_ONLY___ ═
2025-04-11 13:36:35,363 INFO     ___FILE_ONLY___ ═
2025-04-11 13:36:35,365 INFO     ___FILE_ONLY___ ═
2025-04-11 13:36:35,367 INFO     ___FILE_ONLY___ ═
2025-04-11 13:36:35,369 INFO     ___FILE_ONLY___ ═
2025-04-11 13:36:35,371 INFO     ___FILE_ONLY___ ═
2025-04-11 13:36:35,375 INFO     ___FILE_ONLY___ ═
2025-04-11 13:36:35,377 INFO     ___FILE_ONLY___ ═
2025-04-11 13:36:35,379 INFO     ___FILE_ONLY___ ═
2025-04-11 13:36:35,381 INFO     ___FILE_ONLY___ ═
2025-04-11 13:36:35,383 INFO     ___FILE_ONLY___ ═
2025-04-11 13:36:35,384 INFO     ___FILE_ONLY___ ═
2025-04-11 13:36:35,386 INFO     ___FILE_ONLY___ ═
2025-04-11 13:36:35,389 INFO     ___FILE_ONLY___ ═
2025-04-11 13:36:35,391 INFO     ___FILE_ONLY___ ═
2025-04-11 13:36:35,393 INFO     ___FILE_ONLY___ ═
2025-04-11 13:36:35,396 INFO     ___FILE_ONLY___ ═
2025-04-11 13:36:35,398 INFO     ___FILE_ONLY___ ═
2025-04-11 13:36:35,400 INFO     ___FILE_ONLY___ ═
2025-04-11 13:36:35,402 INFO     ___FILE_ONLY___ ═
2025-04-11 13:36:35,405 INFO     ___FILE_ONLY___ ═
2025-04-11 13:36:35,408 INFO     ___FILE_ONLY___ ═
2025-04-11 13:36:35,415 INFO     ___FILE_ONLY___ ═
2025-04-11 13:36:35,420 INFO     ___FILE_ONLY___ ═
2025-04-11 13:36:35,425 INFO     ___FILE_ONLY___ ═
2025-04-11 13:36:35,427 INFO     ___FILE_ONLY___ ═
2025-04-11 13:36:35,430 INFO     ___FILE_ONLY___ ═
2025-04-11 13:36:35,432 INFO     ___FILE_ONLY___ ═
2025-04-11 13:36:35,434 INFO     ___FILE_ONLY___ ═
2025-04-11 13:36:35,436 INFO     ___FILE_ONLY___ ═
2025-04-11 13:36:35,441 INFO     ___FILE_ONLY___ ═
2025-04-11 13:36:35,442 INFO     ___FILE_ONLY___ ═
2025-04-11 13:36:35,445 INFO     ___FILE_ONLY___ ═
2025-04-11 13:36:35,446 INFO     ___FILE_ONLY___ ═
2025-04-11 13:36:35,449 INFO     ___FILE_ONLY___ ═
2025-04-11 13:36:35,451 INFO     ___FILE_ONLY___ ═
2025-04-11 13:36:35,453 INFO     ___FILE_ONLY___ ═
2025-04-11 13:36:35,455 INFO     ___FILE_ONLY___ ═
2025-04-11 13:36:35,457 INFO     ___FILE_ONLY___ ═
2025-04-11 13:36:35,459 INFO     ___FILE_ONLY___ ═
2025-04-11 13:36:35,461 INFO     ___FILE_ONLY___ ═
2025-04-11 13:36:35,463 INFO     ___FILE_ONLY___ ═
2025-04-11 13:36:35,465 INFO     ___FILE_ONLY___ ═
2025-04-11 13:36:35,467 INFO     ___FILE_ONLY___ ═
2025-04-11 13:36:35,469 INFO     ___FILE_ONLY___ ═
2025-04-11 13:36:35,471 INFO     ___FILE_ONLY___ ═
2025-04-11 13:36:35,472 INFO     ___FILE_ONLY___ ═
2025-04-11 13:36:35,474 INFO     ___FILE_ONLY___ ═
2025-04-11 13:36:35,475 INFO     ___FILE_ONLY___ ╝

2025-04-11 13:36:35,482 INFO     ___FILE_ONLY___ ╔════════════════════════════════════════════════════════════╗

2025-04-11 13:36:35,482 INFO     ___FILE_ONLY___ ╠═ Installing: BigQuery Command Line Tool (Platform Spec... ═╣

2025-04-11 13:36:35,482 INFO     ___FILE_ONLY___ ╚
2025-04-11 13:36:35,483 INFO     ___FILE_ONLY___ ════════════════════════════════════════════════════════════
2025-04-11 13:36:35,483 INFO     ___FILE_ONLY___ ╝

2025-04-11 13:36:35,487 INFO     ___FILE_ONLY___ ╔════════════════════════════════════════════════════════════╗

2025-04-11 13:36:35,487 INFO     ___FILE_ONLY___ ╠═ Installing: Bundled Python 3.12                          ═╣

2025-04-11 13:36:35,487 INFO     ___FILE_ONLY___ ╚
2025-04-11 13:36:35,491 INFO     ___FILE_ONLY___ ════════════════════════════════════════════════════════════
2025-04-11 13:36:35,491 INFO     ___FILE_ONLY___ ╝

2025-04-11 13:36:35,493 INFO     ___FILE_ONLY___ ╔════════════════════════════════════════════════════════════╗

2025-04-11 13:36:35,493 INFO     ___FILE_ONLY___ ╠═ Installing: Bundled Python 3.12 (Platform Specific)      ═╣

2025-04-11 13:36:35,493 INFO     ___FILE_ONLY___ ╚
2025-04-11 13:36:38,595 INFO     ___FILE_ONLY___ ═
2025-04-11 13:36:39,079 INFO     ___FILE_ONLY___ ═
2025-04-11 13:36:39,099 INFO     ___FILE_ONLY___ ═
2025-04-11 13:36:39,133 INFO     ___FILE_ONLY___ ═
2025-04-11 13:36:39,154 INFO     ___FILE_ONLY___ ═
2025-04-11 13:36:39,169 INFO     ___FILE_ONLY___ ═
2025-04-11 13:36:39,198 INFO     ___FILE_ONLY___ ═
2025-04-11 13:36:39,217 INFO     ___FILE_ONLY___ ═
2025-04-11 13:36:39,235 INFO     ___FILE_ONLY___ ═
2025-04-11 13:36:39,251 INFO     ___FILE_ONLY___ ═
2025-04-11 13:36:39,266 INFO     ___FILE_ONLY___ ═
2025-04-11 13:36:39,291 INFO     ___FILE_ONLY___ ═
2025-04-11 13:36:39,432 INFO     ___FILE_ONLY___ ═
2025-04-11 13:36:39,448 INFO     ___FILE_ONLY___ ═
2025-04-11 13:36:39,464 INFO     ___FILE_ONLY___ ═
2025-04-11 13:36:39,479 INFO     ___FILE_ONLY___ ═
2025-04-11 13:36:39,493 INFO     ___FILE_ONLY___ ═
2025-04-11 13:36:39,510 INFO     ___FILE_ONLY___ ═
2025-04-11 13:36:39,528 INFO     ___FILE_ONLY___ ═
2025-04-11 13:36:39,548 INFO     ___FILE_ONLY___ ═
2025-04-11 13:36:39,563 INFO     ___FILE_ONLY___ ═
2025-04-11 13:36:39,657 INFO     ___FILE_ONLY___ ═
2025-04-11 13:36:39,679 INFO     ___FILE_ONLY___ ═
2025-04-11 13:36:40,168 INFO     ___FILE_ONLY___ ═
2025-04-11 13:36:40,183 INFO     ___FILE_ONLY___ ═
2025-04-11 13:36:40,198 INFO     ___FILE_ONLY___ ═
2025-04-11 13:36:40,210 INFO     ___FILE_ONLY___ ═
2025-04-11 13:36:40,221 INFO     ___FILE_ONLY___ ═
2025-04-11 13:36:40,234 INFO     ___FILE_ONLY___ ═
2025-04-11 13:36:40,246 INFO     ___FILE_ONLY___ ═
2025-04-11 13:36:40,257 INFO     ___FILE_ONLY___ ═
2025-04-11 13:36:40,268 INFO     ___FILE_ONLY___ ═
2025-04-11 13:36:40,280 INFO     ___FILE_ONLY___ ═
2025-04-11 13:36:40,291 INFO     ___FILE_ONLY___ ═
2025-04-11 13:36:40,302 INFO     ___FILE_ONLY___ ═
2025-04-11 13:36:40,314 INFO     ___FILE_ONLY___ ═
2025-04-11 13:36:40,326 INFO     ___FILE_ONLY___ ═
2025-04-11 13:36:40,337 INFO     ___FILE_ONLY___ ═
2025-04-11 13:36:40,349 INFO     ___FILE_ONLY___ ═
2025-04-11 13:36:40,361 INFO     ___FILE_ONLY___ ═
2025-04-11 13:36:40,372 INFO     ___FILE_ONLY___ ═
2025-04-11 13:36:40,384 INFO     ___FILE_ONLY___ ═
2025-04-11 13:36:40,396 INFO     ___FILE_ONLY___ ═
2025-04-11 13:36:40,408 INFO     ___FILE_ONLY___ ═
2025-04-11 13:36:40,419 INFO     ___FILE_ONLY___ ═
2025-04-11 13:36:40,431 INFO     ___FILE_ONLY___ ═
2025-04-11 13:36:40,443 INFO     ___FILE_ONLY___ ═
2025-04-11 13:36:40,454 INFO     ___FILE_ONLY___ ═
2025-04-11 13:36:40,466 INFO     ___FILE_ONLY___ ═
2025-04-11 13:36:40,479 INFO     ___FILE_ONLY___ ═
2025-04-11 13:36:40,490 INFO     ___FILE_ONLY___ ═
2025-04-11 13:36:40,501 INFO     ___FILE_ONLY___ ═
2025-04-11 13:36:40,513 INFO     ___FILE_ONLY___ ═
2025-04-11 13:36:40,524 INFO     ___FILE_ONLY___ ═
2025-04-11 13:36:40,536 INFO     ___FILE_ONLY___ ═
2025-04-11 13:36:40,548 INFO     ___FILE_ONLY___ ═
2025-04-11 13:36:40,559 INFO     ___FILE_ONLY___ ═
2025-04-11 13:36:40,571 INFO     ___FILE_ONLY___ ═
2025-04-11 13:36:40,583 INFO     ___FILE_ONLY___ ═
2025-04-11 13:36:40,594 INFO     ___FILE_ONLY___ ═
2025-04-11 13:36:40,595 INFO     ___FILE_ONLY___ ╝

2025-04-11 13:36:40,648 INFO     ___FILE_ONLY___ ╔════════════════════════════════════════════════════════════╗

2025-04-11 13:36:40,648 INFO     ___FILE_ONLY___ ╠═ Installing: Cloud Storage Command Line Tool              ═╣

2025-04-11 13:36:40,648 INFO     ___FILE_ONLY___ ╚
2025-04-11 13:36:41,168 INFO     ___FILE_ONLY___ ═
2025-04-11 13:36:41,185 INFO     ___FILE_ONLY___ ═
2025-04-11 13:36:41,205 INFO     ___FILE_ONLY___ ═
2025-04-11 13:36:41,221 INFO     ___FILE_ONLY___ ═
2025-04-11 13:36:41,237 INFO     ___FILE_ONLY___ ═
2025-04-11 13:36:41,249 INFO     ___FILE_ONLY___ ═
2025-04-11 13:36:41,262 INFO     ___FILE_ONLY___ ═
2025-04-11 13:36:41,274 INFO     ___FILE_ONLY___ ═
2025-04-11 13:36:41,288 INFO     ___FILE_ONLY___ ═
2025-04-11 13:36:41,301 INFO     ___FILE_ONLY___ ═
2025-04-11 13:36:41,314 INFO     ___FILE_ONLY___ ═
2025-04-11 13:36:41,325 INFO     ___FILE_ONLY___ ═
2025-04-11 13:36:41,334 INFO     ___FILE_ONLY___ ═
2025-04-11 13:36:41,343 INFO     ___FILE_ONLY___ ═
2025-04-11 13:36:41,352 INFO     ___FILE_ONLY___ ═
2025-04-11 13:36:41,362 INFO     ___FILE_ONLY___ ═
2025-04-11 13:36:41,372 INFO     ___FILE_ONLY___ ═
2025-04-11 13:36:41,382 INFO     ___FILE_ONLY___ ═
2025-04-11 13:36:41,392 INFO     ___FILE_ONLY___ ═
2025-04-11 13:36:41,402 INFO     ___FILE_ONLY___ ═
2025-04-11 13:36:41,414 INFO     ___FILE_ONLY___ ═
2025-04-11 13:36:41,427 INFO     ___FILE_ONLY___ ═
2025-04-11 13:36:41,442 INFO     ___FILE_ONLY___ ═
2025-04-11 13:36:41,451 INFO     ___FILE_ONLY___ ═
2025-04-11 13:36:41,463 INFO     ___FILE_ONLY___ ═
2025-04-11 13:36:41,477 INFO     ___FILE_ONLY___ ═
2025-04-11 13:36:41,494 INFO     ___FILE_ONLY___ ═
2025-04-11 13:36:41,512 INFO     ___FILE_ONLY___ ═
2025-04-11 13:36:41,527 INFO     ___FILE_ONLY___ ═
2025-04-11 13:36:41,546 INFO     ___FILE_ONLY___ ═
2025-04-11 13:36:41,556 INFO     ___FILE_ONLY___ ═
2025-04-11 13:36:41,567 INFO     ___FILE_ONLY___ ═
2025-04-11 13:36:41,584 INFO     ___FILE_ONLY___ ═
2025-04-11 13:36:41,596 INFO     ___FILE_ONLY___ ═
2025-04-11 13:36:41,606 INFO     ___FILE_ONLY___ ═
2025-04-11 13:36:41,616 INFO     ___FILE_ONLY___ ═
2025-04-11 13:36:41,625 INFO     ___FILE_ONLY___ ═
2025-04-11 13:36:41,636 INFO     ___FILE_ONLY___ ═
2025-04-11 13:36:41,646 INFO     ___FILE_ONLY___ ═
2025-04-11 13:36:41,657 INFO     ___FILE_ONLY___ ═
2025-04-11 13:36:41,666 INFO     ___FILE_ONLY___ ═
2025-04-11 13:36:41,679 INFO     ___FILE_ONLY___ ═
2025-04-11 13:36:41,688 INFO     ___FILE_ONLY___ ═
2025-04-11 13:36:41,701 INFO     ___FILE_ONLY___ ═
2025-04-11 13:36:41,716 INFO     ___FILE_ONLY___ ═
2025-04-11 13:36:41,727 INFO     ___FILE_ONLY___ ═
2025-04-11 13:36:41,735 INFO     ___FILE_ONLY___ ═
2025-04-11 13:36:41,745 INFO     ___FILE_ONLY___ ═
2025-04-11 13:36:41,755 INFO     ___FILE_ONLY___ ═
2025-04-11 13:36:41,767 INFO     ___FILE_ONLY___ ═
2025-04-11 13:36:41,783 INFO     ___FILE_ONLY___ ═
2025-04-11 13:36:41,794 INFO     ___FILE_ONLY___ ═
2025-04-11 13:36:41,809 INFO     ___FILE_ONLY___ ═
2025-04-11 13:36:41,821 INFO     ___FILE_ONLY___ ═
2025-04-11 13:36:41,858 INFO     ___FILE_ONLY___ ═
2025-04-11 13:36:41,867 INFO     ___FILE_ONLY___ ═
2025-04-11 13:36:41,876 INFO     ___FILE_ONLY___ ═
2025-04-11 13:36:41,887 INFO     ___FILE_ONLY___ ═
2025-04-11 13:36:41,897 INFO     ___FILE_ONLY___ ═
2025-04-11 13:36:41,911 INFO     ___FILE_ONLY___ ═
2025-04-11 13:36:41,911 INFO     ___FILE_ONLY___ ╝

2025-04-11 13:36:41,941 INFO     ___FILE_ONLY___ ╔════════════════════════════════════════════════════════════╗

2025-04-11 13:36:41,941 INFO     ___FILE_ONLY___ ╠═ Installing: Cloud Storage Command Line Tool (Platform... ═╣

2025-04-11 13:36:41,941 INFO     ___FILE_ONLY___ ╚
2025-04-11 13:36:41,942 INFO     ___FILE_ONLY___ ════════════════════════════════════════════════════════════
2025-04-11 13:36:41,942 INFO     ___FILE_ONLY___ ╝

2025-04-11 13:36:41,946 INFO     ___FILE_ONLY___ ╔════════════════════════════════════════════════════════════╗

2025-04-11 13:36:41,946 INFO     ___FILE_ONLY___ ╠═ Installing: Default set of gcloud commands               ═╣

2025-04-11 13:36:41,946 INFO     ___FILE_ONLY___ ╚
2025-04-11 13:36:41,949 INFO     ___FILE_ONLY___ ════════════════════════════════════════════════════════════
2025-04-11 13:36:41,949 INFO     ___FILE_ONLY___ ╝

2025-04-11 13:36:41,951 INFO     ___FILE_ONLY___ ╔════════════════════════════════════════════════════════════╗

2025-04-11 13:36:41,951 INFO     ___FILE_ONLY___ ╠═ Installing: Google Cloud CLI Core Libraries (Platform... ═╣

2025-04-11 13:36:41,951 INFO     ___FILE_ONLY___ ╚
2025-04-11 13:36:41,952 INFO     ___FILE_ONLY___ ══════════════════════════════
2025-04-11 13:36:41,952 INFO     ___FILE_ONLY___ ══════════════════════════════
2025-04-11 13:36:41,952 INFO     ___FILE_ONLY___ ╝

2025-04-11 13:36:41,956 INFO     ___FILE_ONLY___ ╔════════════════════════════════════════════════════════════╗

2025-04-11 13:36:41,956 INFO     ___FILE_ONLY___ ╠═ Installing: Google Cloud CRC32C Hash Tool                ═╣

2025-04-11 13:36:41,956 INFO     ___FILE_ONLY___ ╚
2025-04-11 13:36:41,959 INFO     ___FILE_ONLY___ ════════════════════════════════════════════════════════════
2025-04-11 13:36:41,959 INFO     ___FILE_ONLY___ ╝

2025-04-11 13:36:41,960 INFO     ___FILE_ONLY___ ╔════════════════════════════════════════════════════════════╗

2025-04-11 13:36:41,960 INFO     ___FILE_ONLY___ ╠═ Installing: Google Cloud CRC32C Hash Tool (Platform S... ═╣

2025-04-11 13:36:41,961 INFO     ___FILE_ONLY___ ╚
2025-04-11 13:36:41,998 INFO     ___FILE_ONLY___ ══════════════════════════════
2025-04-11 13:36:41,999 INFO     ___FILE_ONLY___ ══════════════════════════════
2025-04-11 13:36:41,999 INFO     ___FILE_ONLY___ ╝

2025-04-11 13:36:42,003 INFO     ___FILE_ONLY___ ╔════════════════════════════════════════════════════════════╗

2025-04-11 13:36:42,004 INFO     ___FILE_ONLY___ ╠═ Installing: gcloud cli dependencies (Platform Specific)  ═╣

2025-04-11 13:36:42,004 INFO     ___FILE_ONLY___ ╚
2025-04-11 13:36:42,004 INFO     ___FILE_ONLY___ ════════════════════════════════════════════════════════════
2025-04-11 13:36:42,004 INFO     ___FILE_ONLY___ ╝

2025-04-11 13:36:42,009 DEBUG    root            Updating notification cache...
2025-04-11 13:36:42,009 INFO     ___FILE_ONLY___ 

2025-04-11 13:36:42,011 INFO     ___FILE_ONLY___ Performing post processing steps...
2025-04-11 13:36:42,012 DEBUG    root            Executing command: ['/tools/google-cloud-sdk/bin/gcloud', 'components', 'post-process']
2025-04-11 13:36:50,698 DEBUG    ___FILE_ONLY___ 
2025-04-11 13:36:50,698 DEBUG    ___FILE_ONLY___ 
2025-04-11 13:36:50,796 INFO     root            descriptor_list: [{'universeDomain': 'googleapis.com', 'universeShortName': '', 'authenticationDomain': 'auth.cloud.google.com', 'projectPrefix': '', 'cloudWebDomain': 'cloud.google.com', 'documentationDomain': 'cloud.google.com', 'version': '1.0.0', 'state': 'primary', 'artifactRegistryDomain': 'pkg.dev'}]
2025-04-11 13:36:50,796 INFO     ___FILE_ONLY___ 
Update done!


2025-04-11 13:36:50,799 DEBUG    root            Chosen display Format:none
2025-04-11 13:36:50,799 INFO     root            Display format: "none"
