2025-04-11 13:36:51,457 DEBUG    root            Loaded Command Group: ['gcloud', 'components']
2025-04-11 13:36:51,459 DEBUG    root            Loaded Command Group: ['gcloud', 'components', 'update']
2025-04-11 13:36:51,460 DEBUG    root            Running [gcloud.components.update] with arguments: [--quiet: "True", COMPONENT-IDS:8: "['gcloud', 'core', 'bq', 'gsutil', 'compute', 'preview', 'alpha', 'beta']"]
2025-04-11 13:36:51,461 INFO     ___FILE_ONLY___ Beginning update. This process may take several minutes.

2025-04-11 13:36:51,470 DEBUG    urllib3.connectionpool Starting new HTTPS connection (1): dl.google.com:443
2025-04-11 13:36:51,483 DEBUG    urllib3.connectionpool https://dl.google.com:443 "GET /dl/cloudsdk/channels/rapid/components-2.json HTTP/11" 200 226135
2025-04-11 13:36:51,496 WARNING  root            Component [compute] no longer exists.
2025-04-11 13:36:51,497 INFO     ___FILE_ONLY___ 

2025-04-11 13:36:51,497 INFO     ___FILE_ONLY___ 
Your current Google Cloud CLI version is: 517.0.0

2025-04-11 13:36:51,497 INFO     ___FILE_ONLY___ Installing components from version: 517.0.0

2025-04-11 13:36:51,497 INFO     ___FILE_ONLY___ 

2025-04-11 13:36:51,498 DEBUG    root            Chosen display Format:table[box,title="These components will be removed."](details.display_name:label=Name:align=left,version.version_string:label=Version:align=right,data.size.size(zero="",min=1048576):label=Size:align=right)
2025-04-11 13:36:51,498 DEBUG    root            Chosen display Format:table[box,title="These components will be updated."](details.display_name:label=Name:align=left,version.version_string:label=Version:align=right,data.size.size(zero="",min=1048576):label=Size:align=right)
2025-04-11 13:36:51,498 DEBUG    root            Chosen display Format:table[box,title="These components will be installed."](details.display_name:label=Name:align=left,version.version_string:label=Version:align=right,data.size.size(zero="",min=1048576):label=Size:align=right)
2025-04-11 13:36:51,512 INFO     ___FILE_ONLY___ ┌────────────────────────────────────────────────┐
2025-04-11 13:36:51,512 INFO     ___FILE_ONLY___ 

2025-04-11 13:36:51,513 INFO     ___FILE_ONLY___ │      These components will be installed.       │
2025-04-11 13:36:51,513 INFO     ___FILE_ONLY___ 

2025-04-11 13:36:51,513 INFO     ___FILE_ONLY___ ├─────────────────────────┬────────────┬─────────┤
2025-04-11 13:36:51,513 INFO     ___FILE_ONLY___ 

2025-04-11 13:36:51,513 INFO     ___FILE_ONLY___ │           Name          │  Version   │   Size  │
2025-04-11 13:36:51,513 INFO     ___FILE_ONLY___ 

2025-04-11 13:36:51,513 INFO     ___FILE_ONLY___ ├─────────────────────────┼────────────┼─────────┤
2025-04-11 13:36:51,513 INFO     ___FILE_ONLY___ 

2025-04-11 13:36:51,513 INFO     ___FILE_ONLY___ │ 
2025-04-11 13:36:51,513 INFO     ___FILE_ONLY___ gcloud Alpha Commands  
2025-04-11 13:36:51,513 INFO     ___FILE_ONLY___  
2025-04-11 13:36:51,513 INFO     ___FILE_ONLY___ │ 
2025-04-11 13:36:51,513 INFO     ___FILE_ONLY___ 2025.03.29
2025-04-11 13:36:51,513 INFO     ___FILE_ONLY___  
2025-04-11 13:36:51,513 INFO     ___FILE_ONLY___ │ 
2025-04-11 13:36:51,513 INFO     ___FILE_ONLY___ < 1 MiB
2025-04-11 13:36:51,513 INFO     ___FILE_ONLY___  
2025-04-11 13:36:51,513 INFO     ___FILE_ONLY___ │
2025-04-11 13:36:51,513 INFO     ___FILE_ONLY___ 

2025-04-11 13:36:51,514 INFO     ___FILE_ONLY___ │ 
2025-04-11 13:36:51,514 INFO     ___FILE_ONLY___ gcloud Beta Commands   
2025-04-11 13:36:51,514 INFO     ___FILE_ONLY___  
2025-04-11 13:36:51,514 INFO     ___FILE_ONLY___ │ 
2025-04-11 13:36:51,514 INFO     ___FILE_ONLY___ 2025.03.29
2025-04-11 13:36:51,514 INFO     ___FILE_ONLY___  
2025-04-11 13:36:51,514 INFO     ___FILE_ONLY___ │ 
2025-04-11 13:36:51,514 INFO     ___FILE_ONLY___ < 1 MiB
2025-04-11 13:36:51,514 INFO     ___FILE_ONLY___  
2025-04-11 13:36:51,514 INFO     ___FILE_ONLY___ │
2025-04-11 13:36:51,514 INFO     ___FILE_ONLY___ 

2025-04-11 13:36:51,514 INFO     ___FILE_ONLY___ │ 
2025-04-11 13:36:51,514 INFO     ___FILE_ONLY___ gcloud Preview Commands
2025-04-11 13:36:51,514 INFO     ___FILE_ONLY___  
2025-04-11 13:36:51,514 INFO     ___FILE_ONLY___ │ 
2025-04-11 13:36:51,514 INFO     ___FILE_ONLY___           
2025-04-11 13:36:51,514 INFO     ___FILE_ONLY___  
2025-04-11 13:36:51,514 INFO     ___FILE_ONLY___ │ 
2025-04-11 13:36:51,514 INFO     ___FILE_ONLY___ < 1 MiB
2025-04-11 13:36:51,514 INFO     ___FILE_ONLY___  
2025-04-11 13:36:51,515 INFO     ___FILE_ONLY___ │
2025-04-11 13:36:51,515 INFO     ___FILE_ONLY___ 

2025-04-11 13:36:51,515 INFO     ___FILE_ONLY___ └─────────────────────────┴────────────┴─────────┘
2025-04-11 13:36:51,515 INFO     ___FILE_ONLY___ 

2025-04-11 13:36:51,515 INFO     ___FILE_ONLY___ 

2025-04-11 13:36:51,518 DEBUG    urllib3.connectionpool Starting new HTTPS connection (1): dl.google.com:443
2025-04-11 13:36:51,533 DEBUG    urllib3.connectionpool https://dl.google.com:443 "GET /dl/cloudsdk/channels/rapid/RELEASE_NOTES HTTP/11" 200 1390928
2025-04-11 13:36:52,019 INFO     ___FILE_ONLY___ For the latest full release notes, please visit:
  https://cloud.google.com/sdk/release_notes


2025-04-11 13:36:52,019 INFO     ___FILE_ONLY___ Performing in place update...


2025-04-11 13:36:52,022 INFO     ___FILE_ONLY___ ╔════════════════════════════════════════════════════════════╗

2025-04-11 13:36:52,022 INFO     ___FILE_ONLY___ ╠═ Downloading: gcloud Alpha Commands                       ═╣

2025-04-11 13:36:52,022 INFO     ___FILE_ONLY___ ╚
2025-04-11 13:36:52,025 DEBUG    urllib3.connectionpool Starting new HTTPS connection (1): dl.google.com:443
2025-04-11 13:36:52,063 DEBUG    urllib3.connectionpool https://dl.google.com:443 "GET /dl/cloudsdk/channels/rapid/components/google-cloud-sdk-alpha-20250329020432.tar.gz HTTP/11" 200 800
2025-04-11 13:36:52,064 INFO     ___FILE_ONLY___ ════════════════════════════════════════════════════════════
2025-04-11 13:36:52,064 INFO     ___FILE_ONLY___ ╝

2025-04-11 13:36:52,066 INFO     ___FILE_ONLY___ ╔════════════════════════════════════════════════════════════╗

2025-04-11 13:36:52,066 INFO     ___FILE_ONLY___ ╠═ Downloading: gcloud Beta Commands                        ═╣

2025-04-11 13:36:52,066 INFO     ___FILE_ONLY___ ╚
2025-04-11 13:36:52,070 DEBUG    urllib3.connectionpool Starting new HTTPS connection (1): dl.google.com:443
2025-04-11 13:36:52,084 DEBUG    urllib3.connectionpool https://dl.google.com:443 "GET /dl/cloudsdk/channels/rapid/components/google-cloud-sdk-beta-20250329020432.tar.gz HTTP/11" 200 797
2025-04-11 13:36:52,085 INFO     ___FILE_ONLY___ ════════════════════════════════════════════════════════════
2025-04-11 13:36:52,085 INFO     ___FILE_ONLY___ ╝

2025-04-11 13:36:52,087 INFO     ___FILE_ONLY___ ╔════════════════════════════════════════════════════════════╗

2025-04-11 13:36:52,087 INFO     ___FILE_ONLY___ ╠═ Downloading: gcloud Preview Commands                     ═╣

2025-04-11 13:36:52,087 INFO     ___FILE_ONLY___ ╚
2025-04-11 13:36:52,090 DEBUG    urllib3.connectionpool Starting new HTTPS connection (1): dl.google.com:443
2025-04-11 13:36:52,133 DEBUG    urllib3.connectionpool https://dl.google.com:443 "GET /dl/cloudsdk/channels/rapid/components/google-cloud-sdk-preview-20241115154308.tar.gz HTTP/11" 200 823
2025-04-11 13:36:52,134 INFO     ___FILE_ONLY___ ════════════════════════════════════════════════════════════
2025-04-11 13:36:52,134 INFO     ___FILE_ONLY___ ╝

2025-04-11 13:36:52,136 INFO     ___FILE_ONLY___ ╔════════════════════════════════════════════════════════════╗

2025-04-11 13:36:52,136 INFO     ___FILE_ONLY___ ╠═ Installing: gcloud Alpha Commands                        ═╣

2025-04-11 13:36:52,136 INFO     ___FILE_ONLY___ ╚
2025-04-11 13:36:52,137 INFO     ___FILE_ONLY___ ════════════════════════════════════════════════════════════
2025-04-11 13:36:52,137 INFO     ___FILE_ONLY___ ╝

2025-04-11 13:36:52,142 INFO     ___FILE_ONLY___ ╔════════════════════════════════════════════════════════════╗

2025-04-11 13:36:52,142 INFO     ___FILE_ONLY___ ╠═ Installing: gcloud Beta Commands                         ═╣

2025-04-11 13:36:52,143 INFO     ___FILE_ONLY___ ╚
2025-04-11 13:36:52,143 INFO     ___FILE_ONLY___ ════════════════════════════════════════════════════════════
2025-04-11 13:36:52,144 INFO     ___FILE_ONLY___ ╝

2025-04-11 13:36:52,149 INFO     ___FILE_ONLY___ ╔════════════════════════════════════════════════════════════╗

2025-04-11 13:36:52,149 INFO     ___FILE_ONLY___ ╠═ Installing: gcloud Preview Commands                      ═╣

2025-04-11 13:36:52,149 INFO     ___FILE_ONLY___ ╚
2025-04-11 13:36:52,150 INFO     ___FILE_ONLY___ ════════════════════════════════════════════════════════════
2025-04-11 13:36:52,150 INFO     ___FILE_ONLY___ ╝

2025-04-11 13:36:52,155 DEBUG    root            Updating notification cache...
2025-04-11 13:36:52,159 INFO     ___FILE_ONLY___ 

2025-04-11 13:36:52,162 INFO     ___FILE_ONLY___ Performing post processing steps...
2025-04-11 13:36:52,162 DEBUG    root            Executing command: ['/tools/google-cloud-sdk/bin/gcloud', 'components', 'post-process']
2025-04-11 13:37:00,994 DEBUG    ___FILE_ONLY___ 
2025-04-11 13:37:00,995 DEBUG    ___FILE_ONLY___ 
2025-04-11 13:37:01,182 INFO     root            descriptor_list: [{'universeDomain': 'googleapis.com', 'universeShortName': '', 'authenticationDomain': 'auth.cloud.google.com', 'projectPrefix': '', 'cloudWebDomain': 'cloud.google.com', 'documentationDomain': 'cloud.google.com', 'version': '1.0.0', 'state': 'primary', 'artifactRegistryDomain': 'pkg.dev'}]
2025-04-11 13:37:01,182 INFO     ___FILE_ONLY___ 
Update done!


2025-04-11 13:37:01,184 DEBUG    root            Chosen display Format:none
2025-04-11 13:37:01,185 INFO     root            Display format: "none"
